================================================================
  Vivado(TM) HLS - High-Level Synthesis from C, C++ and SystemC
  Version: 2013.2
  Build date: Thu Jun 13 16:07:59 PM 2013
  Copyright (C) 2013 Xilinx Inc. All rights reserved.
================================================================
@I [LIC-101] Checked out feature [HLS]
@I [HLS-10] Running '/hd2/eda/xilinx/Vivado_HLS/2013.2/Linux_x86_64/bin/vivado_hls_bin'
            for user 'dcblack' on host 'localhost.localdomain' (Linux_x86_64 version 2.6.18-308.el5) on Tue Dec 03 03:30:03 CST 2013
            in directory '/media/psf/Doulos/Doulos-Main/Papers/DVCON2013/DVCON2013-SystemC_Tutorial/Example/hls'
Parsing command-line options
Options from environment ARGV:
    -period=10
    -uncertainty=3
    -version=1.5
////////////////////////////////////////////////////////////////////////////////////
//
//   ####  ##### ####### #    # #####                                              
//  #    # #        #    #    # #    #                                             
//  #      #        #    #    # #    #                                             
//   ####  #####    #    #    # #####                                              
//       # #        #    #    # #                                                  
//  #    # #        #    #    # #                                                  
//   ####  #####    #     ####  #                                                  
//
////////////////////////////////////////////////////////////////////////////////////
@I [HLS-10] Opening and resetting project '/media/psf/Doulos/Doulos-Main/Papers/DVCON2013/DVCON2013-SystemC_Tutorial/Example/hls/mtxdev'.
@I [HLS-10] Adding design file '/media/psf/Doulos/Doulos-Main/Papers/DVCON2013/DVCON2013-SystemC_Tutorial/Example/src/dev_hls.cpp' to the project.
@I [HLS-10] Adding test bench file '/media/psf/Doulos/Doulos-Main/Papers/DVCON2013/DVCON2013-SystemC_Tutorial/Example/src/command.cpp' to the project.
@I [HLS-10] Adding test bench file '/media/psf/Doulos/Doulos-Main/Papers/DVCON2013/DVCON2013-SystemC_Tutorial/Example/src/dev_test.cpp' to the project.
@I [HLS-10] Adding test bench file '/media/psf/Doulos/Doulos-Main/Papers/DVCON2013/DVCON2013-SystemC_Tutorial/Example/src/dev_util.cpp' to the project.
@I [HLS-10] Adding test bench file '/media/psf/Doulos/Doulos-Main/Papers/DVCON2013/DVCON2013-SystemC_Tutorial/Example/src/matrix.cpp' to the project.
@I [HLS-10] Adding test bench file '/media/psf/Doulos/Doulos-Main/Papers/DVCON2013/DVCON2013-SystemC_Tutorial/Example/src/memory.cpp' to the project.
@I [HLS-10] Adding test bench file '/media/psf/Doulos/Doulos-Main/Papers/DVCON2013/DVCON2013-SystemC_Tutorial/Example/src/registers.cpp' to the project.
////////////////////////////////////////////////////////////////////////////////////
//
//                                                    #                             
//                ##           #                     ##                             
//   ####          #           #    #               # #                             
//  #       ####   #   #    # ###       ####  ####    #                             
//   ####  #    #  #   #    #  #   ##  #    # #   #   #                             
//       # #    #  #   #    #  # #  #  #    # #   #   #                             
//   ####   ####  ###   #####   #  ###  ####  #   # #####                           
//
////////////////////////////////////////////////////////////////////////////////////
@I [HLS-10] Opening and resetting solution '/media/psf/Doulos/Doulos-Main/Papers/DVCON2013/DVCON2013-SystemC_Tutorial/Example/hls/mtxdev/solution1'.
@I [HLS-10] Cleaning up the solution database.
@I [HLS-10] Setting target device to 'xc7z020clg484-1'
@I [SYN-201] Setting up clock 'default' with a period of 10ns.
@I [SYN-201] Setting up clock 'default' with an uncertainty of 3ns.
////////////////////////////////////////////////////////////////////////////////////
//
//   ####  ### #     # #    # #        #    ####### #####                           
//  #    #  #  ##   ## #    # #       # #      #    #                               
//  #       #  # # # # #    # #      #   #     #    #                               
//   ####   #  #  #  # #    # #     #     #    #    #####                           
//       #  #  #     # #    # #     #######    #    #                               
//  #    #  #  #     # #    # #     #     #    #    #                               
//   ####  ### #     #  ####  ##### #     #    #    #####                           
//
////////////////////////////////////////////////////////////////////////////////////
   Compiling /media/psf/Doulos/Doulos-Main/Papers/DVCON2013/DVCON2013-SystemC_Tutorial/Example/src/registers.cpp in debug mode
   Compiling /media/psf/Doulos/Doulos-Main/Papers/DVCON2013/DVCON2013-SystemC_Tutorial/Example/src/memory.cpp in debug mode
   Compiling /media/psf/Doulos/Doulos-Main/Papers/DVCON2013/DVCON2013-SystemC_Tutorial/Example/src/matrix.cpp in debug mode
   Compiling /media/psf/Doulos/Doulos-Main/Papers/DVCON2013/DVCON2013-SystemC_Tutorial/Example/src/dev_util.cpp in debug mode
   Compiling /media/psf/Doulos/Doulos-Main/Papers/DVCON2013/DVCON2013-SystemC_Tutorial/Example/src/dev_test.cpp in debug mode
   Compiling /media/psf/Doulos/Doulos-Main/Papers/DVCON2013/DVCON2013-SystemC_Tutorial/Example/src/command.cpp in debug mode
   Compiling /media/psf/Doulos/Doulos-Main/Papers/DVCON2013/DVCON2013-SystemC_Tutorial/Example/src/dev_hls.cpp in debug mode
   Generating csim.exe
===========================
 m0/    0,    1,    2,    3
---------------------------
  0:    3,    6,    9,   12
  1:   15,   18,   21,   24
  2:   27,   30,   33,   36

===========================
 m1/    0,    1,    2,    3
---------------------------
  0:    1,    1,    1,    1
  1:    1,    1,    1,    1
  2:    1,    1,    1,    1

===========================
 m2/    0,    1,    2,    3
---------------------------
  0:    1,    2,    3,    4
  1:    5,    6,    7,    8
  2:    9,   10,   11,   12

===========================
 m3/    0,    1,    2,    3
---------------------------
  0:    1,    1,    1,    1
  1:    1,    1,    1,    1
  2:    1,    1,    1,    1

===========================
 m4/    0,    1,    2,    3
---------------------------
  0:   -1,   -2,   -3,   -4
  1:   -5,   -6,   -7,   -8
  2:   -9,  -10,  -11,  -12

=====================
 m5/    0,    1,    2
---------------------
  0:   -2,   -8,  -14
  1:  -20,   -4,  -10
  2:  -16,  -22,   -6
  3:  -12,  -18,  -24

=================================
 m6/    0,    1,    2,    3,    4
---------------------------------
  0:  335,  386,  492,  649,  421
  1:  362,   27,  690,   59,  763
  2:  926,  540,  426,  172,  736
  3:  211,  368,  567,  429,  782
  4:  530,  862,  123,   67,  135

=================================
 m7/    0,    1,    2,    3,    4
---------------------------------
  0:    0,    0,    0,    0,    0
  1:    0,    0,    0,    0,    0
  2:    0,    0,    0,    0,    0
  3:    0,    0,    0,    0,    0
  4:    0,    0,    0,    0,    0

=================================
 m8/    0,    1,    2,    3,    4
---------------------------------
  0:   -1,   -2,   -3,   -4,   -5
  1:   -6,   -7,   -8,   -9,  -10
  2:  -11,  -12,  -13,  -14,  -15
  3:  -16,  -17,  -18,  -19,  -20
  4:  -21,  -22,  -23,  -24,  -25

=====================
 m9/    0,    1,    2
---------------------
  0:   -1,   -2,   -3
  1:   -4,   -5,   -6
  2:   -7,   -8,   -9

===========================
m10/    0,    1,    2,    3
---------------------------
  0:   42,   42,   42,   42
  1:   42,   42,   42,   42
  2:   42,   42,   42,   42
  3:   42,   42,   42,   42

=========
m11/    0
---------
  0: 187816192
  1:    0
  2: 187833584
  3:    0

===========================
m12/    0,    1,    2,    3
---------------------------
  0:   -1,   -2,   -3,   -4

=========
m13/    0
---------
  0:    3

=====================
m14/    0,    1,    2
---------------------
  0:    1,    1,    1
  1:    1,    1,    1
  2:    1,    1,    1

===============
m15/    0,    1
---------------
  0:    1,    1
  1:    1,    1

Matrix memory address mappings:
  mtx00 -> 0x0000 (0)
  mtx01 -> 0x000d (13)
  mtx02 -> 0x001a (26)
  mtx03 -> 0x0027 (39)
  mtx04 -> 0x0034 (52)
  mtx05 -> 0x0041 (65)
  mtx06 -> 0x004e (78)
  mtx07 -> 0x0068 (104)
  mtx08 -> 0x0082 (130)
  mtx09 -> 0x009c (156)
  mtx10 -> 0x00a6 (166)
  mtx11 -> 0x00b7 (183)
  mtx12 -> 0x00bc (188)
  mtx13 -> 0x00c1 (193)
  mtx14 -> 0x00c3 (195)
  mtx15 -> 0x00cd (205)

== mtx1 + mtx2 ============
m19/    0,    1,    2,    3
---------------------------
  0:    2,    3,    4,    5
  1:    6,    7,    8,    9
  2:   10,   11,   12,   13

== mtx2 * 3 ===============
m23/    0,    1,    2,    3
---------------------------
  0:    3,    6,    9,   12
  1:   15,   18,   21,   24
  2:   27,   30,   33,   36

== mtx4 ===================
 m4/    0,    1,    2,    3
---------------------------
  0:   42,   29,   73,   21
  1:   19,   84,   37,   98
  2:   24,   15,   70,   13

== mtx5 =============
 m5/    0,    1,    2
---------------------
  0:    1,    2,    3
  1:    4,    5,    6
  2:    7,    8,    9
  3:   10,   11,   12

== mtx4 x mtx5 ======
m36/    0,    1,    2
---------------------
  0:  879, 1044, 1209
  1: 1594, 1832, 2070
  2:  704,  826,  948


Executing command: NOP  ;
Results: 
Return status: IDLE 
Checking memory for differences...none

Executing command: NOP  ; R0=0x30004; R1=0x1; R2=0x30004; R3=0xe; R4=0x30004; R5=0x1b; R6=0x30004; R7=0x28;
Results: 
Return status: IDLE 
Checking memory for differences...none

Executing command: MADD  0, 2, 4;
Results: 
Return status: DONE 
Checking memory for differences...
imem differences:
[34mBEFORE:     0: 00030004 00000003 00000006 00000009 0000000C 0000000F 00000012 00000015 [00;30m
[00;30mACTUAL:     0: 00030004 00000002 00000003 00000004 00000005 00000006 00000007 00000008 [00;30m
[34mBEFORE:     8: 00000018 0000001B 0000001E 00000021 00000024 00030004 00000001 00000001 [00;30m
[00;30mACTUAL:     8: 00000009 0000000A 0000000B 0000000C 0000000D 00030004 00000001 00000001 [00;30m


Executing command: RSETX 13, 0, 3;
Results:  R13=0x3;
Return status: DONE 
Checking memory for differences...none

Executing command: KMUL  4, 13, 4;
Results: 
Return status: DONE 
Checking memory for differences...
imem differences:
[34mBEFORE:    24: 00000001 00000001 00030004 00000001 00000002 00000003 00000004 00000005 [00;30m
[00;30mACTUAL:    24: 00000001 00000001 00030004 00000003 00000006 00000009 0000000C 0000000F [00;30m
[34mBEFORE:    32: 00000006 00000007 00000008 00000009 0000000A 0000000B 0000000C 00030004 [00;30m
[00;30mACTUAL:    32: 00000012 00000015 00000018 0000001B 0000001E 00000021 00000024 00030004 [00;30m


Executing command: MSUB  0, 0, 4;
Results: 
Return status: DONE 
Checking memory for differences...
imem differences:
[34mBEFORE:     0: 00030004 00000002 00000003 00000004 00000005 00000006 00000007 00000008 [00;30m
[00;30mACTUAL:     0: 00030004 FFFFFFFF FFFFFFFD FFFFFFFB FFFFFFF9 FFFFFFF7 FFFFFFF5 FFFFFFF3 [00;30m
[34mBEFORE:     8: 00000009 0000000A 0000000B 0000000C 0000000D 00030004 00000001 00000001 [00;30m
[00;30mACTUAL:     8: FFFFFFF1 FFFFFFEF FFFFFFED FFFFFFEB FFFFFFE9 00030004 00000001 00000001 [00;30m


Executing command: RSUB  0, 0, 4;
Results: 
Return status: DONE 
Checking memory for differences...
imem differences:
[34mBEFORE:     0: 00030004 FFFFFFFF FFFFFFFD FFFFFFFB FFFFFFF9 FFFFFFF7 FFFFFFF5 FFFFFFF3 [00;30m
[00;30mACTUAL:     0: 00030004 00000004 00000009 0000000E 00000013 00000018 0000001D 00000022 [00;30m
[34mBEFORE:     8: FFFFFFF1 FFFFFFEF FFFFFFED FFFFFFEB FFFFFFE9 00030004 00000001 00000001 [00;30m
[00;30mACTUAL:     8: 00000027 0000002C 00000031 00000036 0000003B 00030004 00000001 00000001 [00;30m


Executing command: MZERO 13, 0;
Results:  R13=0x0;
Return status: DONE 
Checking memory for differences...none

Executing command: RSETX 13, 170, 170;
Results:  R13=0xffffaaaa;
Return status: DONE 
Checking memory for differences...none

Executing command: FILL  0, 13;
Results: 
Return status: DONE 
Checking memory for differences...
imem differences:
[34mBEFORE:     0: 00030004 00000004 00000009 0000000E 00000013 00000018 0000001D 00000022 [00;30m
[00;30mACTUAL:     0: 00030004 FFFFAAAA FFFFAAAA FFFFAAAA FFFFAAAA FFFFAAAA FFFFAAAA FFFFAAAA [00;30m
[34mBEFORE:     8: 00000027 0000002C 00000031 00000036 0000003B 00030004 00000001 00000001 [00;30m
[00;30mACTUAL:     8: FFFFAAAA FFFFAAAA FFFFAAAA FFFFAAAA FFFFAAAA 00030004 00000001 00000001 [00;30m


Executing command: MZERO 13, 0;
Results:  R13=0x0;
Return status: DONE 
Checking memory for differences...none

Executing command: RSETX 13, 0, 0;
Results: 
Return status: DONE 
Checking memory for differences...none

Executing command: FILL  0, 13;
Results: 
Return status: DONE 
Checking memory for differences...
imem differences:
[34mBEFORE:     0: 00030004 FFFFAAAA FFFFAAAA FFFFAAAA FFFFAAAA FFFFAAAA FFFFAAAA FFFFAAAA [00;30m
[00;30mACTUAL:     0: 00030004 00000000 00000000 00000000 00000000 00000000 00000000 00000000 [00;30m
[34mBEFORE:     8: FFFFAAAA FFFFAAAA FFFFAAAA FFFFAAAA FFFFAAAA 00030004 00000001 00000001 [00;30m
[00;30mACTUAL:     8: 00000000 00000000 00000000 00000000 00000000 00030004 00000001 00000001 [00;30m


Executing command: MZERO 13, 0;
Results:  R13=0xc;
Return status: DONE 
Checking memory for differences...none

Executing command: MMUL  6, 8, 10; R6=0x30003; R7=0x9d; R8=0x30004; R9=0x35; R10=0x40003; R11=0x42;
Results: 
Return status: DONE 
Checking memory for differences...
imem differences:
[34mBEFORE:   152: FFFFFFEA FFFFFFE9 FFFFFFE8 FFFFFFE7 00030003 FFFFFFFF FFFFFFFE FFFFFFFD [00;30m
[00;30mACTUAL:   152: FFFFFFEA FFFFFFE9 FFFFFFE8 FFFFFFE7 00030003 FFFFFFFF 000000CE 000000CA [00;30m
[34mBEFORE:   160: FFFFFFFC FFFFFFFB FFFFFFFA FFFFFFF9 FFFFFFF8 FFFFFFF7 00040004 0000002A [00;30m
[00;30mACTUAL:   160: FFE7006F 0000019E 000001A2 FFD3011B FFB8014E FFA000FA 00230217 0000002A [00;30m


Executing command: RESET; R6=0x30003; R7=0x9d; R8=0x30004; R9=0x35; R10=0x40003; R11=0x42;
Results:  R0=0x0; R1=0x0; R2=0x0; R3=0x0; R4=0x0; R5=0x0; R6=0x0; R7=0x0; R8=0x0; R9=0x0; R10=0x0; R11=0x0; R12=0x0; R13=0x0; R14=0x0; R15=0x0;
Return status: IDLE 
Checking memory for differences...none

Executing command: HALT ; R6=0x30003; R7=0x9d; R8=0x30004; R9=0x35; R10=0x40003; R11=0x42;
Results: 
Return status: HALTED 
Checking memory for differences...none

Test PASSED.
@I [SIM-1] CSim done with 0 errors.
////////////////////////////////////////////////////////////////////////////////////
//
//   ####  #     # #     # ####### #    # #####  ####  ### ####### #####           
//  #    #  #   #  ##    #    #    #    # #     #    #  #       #  #               
//  #        # #   # #   #    #    #    # #     #       #      #   #               
//   ####     #    #  #  #    #    ###### #####  ####   #     #    #####           
//       #    #    #   # #    #    #    # #          #  #    #     #               
//  #    #    #    #    ##    #    #    # #     #    #  #   #      #               
//   ####     #    #     #    #    #    # #####  ####  ### ####### #####           
//
////////////////////////////////////////////////////////////////////////////////////
@I [HLS-10] Importing test bench file '/media/psf/Doulos/Doulos-Main/Papers/DVCON2013/DVCON2013-SystemC_Tutorial/Example/src/registers.cpp' ... 
@I [HLS-10] Importing test bench file '/media/psf/Doulos/Doulos-Main/Papers/DVCON2013/DVCON2013-SystemC_Tutorial/Example/src/memory.cpp' ... 
@I [HLS-10] Importing test bench file '/media/psf/Doulos/Doulos-Main/Papers/DVCON2013/DVCON2013-SystemC_Tutorial/Example/src/matrix.cpp' ... 
@I [HLS-10] Importing test bench file '/media/psf/Doulos/Doulos-Main/Papers/DVCON2013/DVCON2013-SystemC_Tutorial/Example/src/dev_util.cpp' ... 
@I [HLS-10] Importing test bench file '/media/psf/Doulos/Doulos-Main/Papers/DVCON2013/DVCON2013-SystemC_Tutorial/Example/src/dev_test.cpp' ... 
@I [HLS-10] Importing test bench file '/media/psf/Doulos/Doulos-Main/Papers/DVCON2013/DVCON2013-SystemC_Tutorial/Example/src/command.cpp' ... 
@I [HLS-10] Analyzing design file '/media/psf/Doulos/Doulos-Main/Papers/DVCON2013/DVCON2013-SystemC_Tutorial/Example/src/dev_hls.cpp' ... 
In file included from /media/psf/Doulos/Doulos-Main/Papers/DVCON2013/DVCON2013-SystemC_Tutorial/Example/src/dev_hls.cpp:4:
/media/psf/Doulos/Doulos-Main/Papers/DVCON2013/DVCON2013-SystemC_Tutorial/Example/src/dev_hls.h:54:2: warning: #warning "INFO: Using standard C++"
@I [HLS-10] Validating synthesis directives ...
@I [HLS-10] Checking synthesizability ...
@I [HLS-10] Starting code transformations ...
@I [XFORM-602] Inlining function 'Mrows' into 'Msize' (dev_hls.h:130) automatically.
@I [XFORM-602] Inlining function 'Mcols' into 'Msize' (dev_hls.h:130) automatically.
@I [XFORM-602] Inlining function 'Mvalid' into 'dev_hls' (dev_hls.cpp:141) automatically.
@I [XFORM-602] Inlining function 'Msize' into 'dev_hls' (dev_hls.cpp:151) automatically.
@I [XFORM-602] Inlining function 'Mrows' into 'dev_hls' (dev_hls.cpp:262) automatically.
@I [XFORM-602] Inlining function 'Mcols' into 'dev_hls' (dev_hls.cpp:263) automatically.
@I [XFORM-602] Inlining function 'Mindex' into 'dev_hls' (dev_hls.cpp:300) automatically.
@I [XFORM-401] Performing if-conversion on hyperblock to (dev_hls.cpp:210) in function 'dev_hls'... converting 10 basic blocks.
@I [XFORM-401] Performing if-conversion on hyperblock from (dev_hls.cpp:168) to (dev_hls.cpp:170) in function 'dev_hls'... converting 3 basic blocks.
@I [XFORM-11] Balancing expressions in function 'dev_hls' (dev_hls.cpp:27)...15 expression(s) balanced.
@I [HLS-111] Elapsed time: 3 seconds; current memory usage: 45.5 MB.
@I [HLS-10] Starting hardware synthesis ...
@I [HLS-10] Synthesizing 'dev_hls' ...
@W [RTGEN-101] Legalizing port name 'dev_hls/reg' to 'dev_hls/reg_r'.
@I [HLS-10] ----------------------------------------------------------------
@I [HLS-10] -- Scheduling module 'dev_hls' 
@I [HLS-10] ----------------------------------------------------------------
@I [SCHED-11] Starting scheduling ...
@I [SCHED-11] Finished scheduling.
@I [HLS-111] Elapsed time: 7.84 seconds; current memory usage: 80.3 MB.
@I [HLS-10] ----------------------------------------------------------------
@I [HLS-10] -- Exploring micro-architecture for module 'dev_hls' 
@I [HLS-10] ----------------------------------------------------------------
@I [BIND-100] Starting micro-architecture binding ...
@I [BIND-101] Performing variable lifetime analysis.
@I [BIND-101] Exploring resource sharing.
@I [BIND-101] Binding resource limited operations ...
@I [BIND-100] Finished micro-architecture binding.
@I [HLS-111] Elapsed time: 0.53 seconds; current memory usage: 83.2 MB.
@I [HLS-10] ----------------------------------------------------------------
@I [HLS-10] -- Generating RTL for module 'dev_hls' 
@I [HLS-10] ----------------------------------------------------------------
@I [RTGEN-500] Setting interface mode on port 'dev_hls/reg_r' to 'ap_memory'.
@I [RTGEN-500] Setting interface mode on port 'dev_hls/mem' to 'ap_memory'.
@I [RTGEN-500] Setting interface mode on function 'dev_hls' to 'ap_ctrl_hs' (register).
@I [RTGEN-100] Module generated: dev_hls_mul_32s_32s_32_6|dev_hls_mul_32s_32s_32_6_U1.
@I [RTGEN-100] Module generated: dev_hls_mul_32s_32s_32_6|dev_hls_mul_32s_32s_32_6_U2.
@I [RTGEN-100] Finished creating RTL model for 'dev_hls'.
@I [HLS-111] Elapsed time: 0.75 seconds; current memory usage: 86.5 MB.
@I [RTMG-282] Generating pipelined core: 'dev_hls_mul_32s_32s_32_6_MulnS_0'
@I [HLS-10] Finished generating all RTL models.
@I [WSYSC-301] Generating RTL SystemC for 'dev_hls'.
@I [WVHDL-304] Generating RTL VHDL for 'dev_hls'.
@I [WVLOG-307] Generating RTL Verilog for 'dev_hls'.
////////////////////////////////////////////////////////////////////////////////////
//
//   ####   ####   ####  ### #     #                                               
//  #    # #    # #    #  #  ##   ##                                               
//  #      #    # #       #  # # # #                                               
//  #      #    #  ####   #  #  #  #                                               
//  #      #    #      #  #  #     #                                               
//  #    # #    # #    #  #  #     #                                               
//   ####   ####   ####  ### #     #                                               
//
////////////////////////////////////////////////////////////////////////////////////
@I [SIM-14] Instrumenting C test bench ...
   Build using "/hd2/eda/xilinx/Vivado_HLS/2013.2/Linux_x86_64/tools/gcc/bin/g++"
   Compiling apatb_dev_hls.cpp
   Compiling command.cpp_pre.cpp.tb.cpp
   Compiling dev_hls.cpp_pre.cpp.tb.cpp
   Compiling dev_test.cpp_pre.cpp.tb.cpp
   Compiling dev_util.cpp_pre.cpp.tb.cpp
   Compiling matrix.cpp_pre.cpp.tb.cpp
   Compiling memory.cpp_pre.cpp.tb.cpp
   Compiling registers.cpp_pre.cpp.tb.cpp
   Generating cosim.tv.exe
@I [SIM-302] Generating test vectors ... 
===========================
 m0/    0,    1,    2,    3
---------------------------
  0:    3,    6,    9,   12
  1:   15,   18,   21,   24
  2:   27,   30,   33,   36

===========================
 m1/    0,    1,    2,    3
---------------------------
  0:    1,    1,    1,    1
  1:    1,    1,    1,    1
  2:    1,    1,    1,    1

===========================
 m2/    0,    1,    2,    3
---------------------------
  0:    1,    2,    3,    4
  1:    5,    6,    7,    8
  2:    9,   10,   11,   12

===========================
 m3/    0,    1,    2,    3
---------------------------
  0:    1,    1,    1,    1
  1:    1,    1,    1,    1
  2:    1,    1,    1,    1

===========================
 m4/    0,    1,    2,    3
---------------------------
  0:   -1,   -2,   -3,   -4
  1:   -5,   -6,   -7,   -8
  2:   -9,  -10,  -11,  -12

=====================
 m5/    0,    1,    2
---------------------
  0:   -2,   -8,  -14
  1:  -20,   -4,  -10
  2:  -16,  -22,   -6
  3:  -12,  -18,  -24

=================================
 m6/    0,    1,    2,    3,    4
---------------------------------
  0:  335,  386,  492,  649,  421
  1:  362,   27,  690,   59,  763
  2:  926,  540,  426,  172,  736
  3:  211,  368,  567,  429,  782
  4:  530,  862,  123,   67,  135

=================================
 m7/    0,    1,    2,    3,    4
---------------------------------
  0:    0,    0,    0,    0,    0
  1:    0,    0,    0,    0,    0
  2:    0,    0,    0,    0,    0
  3:    0,    0,    0,    0,    0
  4:    0,    0,    0,    0,    0

=================================
 m8/    0,    1,    2,    3,    4
---------------------------------
  0:   -1,   -2,   -3,   -4,   -5
  1:   -6,   -7,   -8,   -9,  -10
  2:  -11,  -12,  -13,  -14,  -15
  3:  -16,  -17,  -18,  -19,  -20
  4:  -21,  -22,  -23,  -24,  -25

=====================
 m9/    0,    1,    2
---------------------
  0:   -1,   -2,   -3
  1:   -4,   -5,   -6
  2:   -7,   -8,   -9

===========================
m10/    0,    1,    2,    3
---------------------------
  0:   42,   42,   42,   42
  1:   42,   42,   42,   42
  2:   42,   42,   42,   42
  3:   42,   42,   42,   42

=========
m11/    0
---------
  0: 459826592
  1:    0
  2: 459826640
  3:    0

===========================
m12/    0,    1,    2,    3
---------------------------
  0:   -1,   -2,   -3,   -4

=========
m13/    0
---------
  0:    3

=====================
m14/    0,    1,    2
---------------------
  0:    1,    1,    1
  1:    1,    1,    1
  2:    1,    1,    1

===============
m15/    0,    1
---------------
  0:    1,    1
  1:    1,    1

Matrix memory address mappings:
  mtx00 -> 0x0000 (0)
  mtx01 -> 0x000d (13)
  mtx02 -> 0x001a (26)
  mtx03 -> 0x0027 (39)
  mtx04 -> 0x0034 (52)
  mtx05 -> 0x0041 (65)
  mtx06 -> 0x004e (78)
  mtx07 -> 0x0068 (104)
  mtx08 -> 0x0082 (130)
  mtx09 -> 0x009c (156)
  mtx10 -> 0x00a6 (166)
  mtx11 -> 0x00b7 (183)
  mtx12 -> 0x00bc (188)
  mtx13 -> 0x00c1 (193)
  mtx14 -> 0x00c3 (195)
  mtx15 -> 0x00cd (205)

== mtx1 + mtx2 ============
m19/    0,    1,    2,    3
---------------------------
  0:    2,    3,    4,    5
  1:    6,    7,    8,    9
  2:   10,   11,   12,   13

== mtx2 * 3 ===============
m23/    0,    1,    2,    3
---------------------------
  0:    3,    6,    9,   12
  1:   15,   18,   21,   24
  2:   27,   30,   33,   36

== mtx4 ===================
 m4/    0,    1,    2,    3
---------------------------
  0:   42,   29,   73,   21
  1:   19,   84,   37,   98
  2:   24,   15,   70,   13

== mtx5 =============
 m5/    0,    1,    2
---------------------
  0:    1,    2,    3
  1:    4,    5,    6
  2:    7,    8,    9
  3:   10,   11,   12

== mtx4 x mtx5 ======
m36/    0,    1,    2
---------------------
  0:  879, 1044, 1209
  1: 1594, 1832, 2070
  2:  704,  826,  948


Executing command: NOP  ;
Results: 
Return status: IDLE 
Checking memory for differences...none

Executing command: NOP  ; R0=0x30004; R1=0x1; R2=0x30004; R3=0xe; R4=0x30004; R5=0x1b; R6=0x30004; R7=0x28;
Results: 
Return status: IDLE 
Checking memory for differences...none

Executing command: MADD  0, 2, 4;
Results: 
Return status: DONE 
Checking memory for differences...
imem differences:
[34mBEFORE:     0: 00030004 00000003 00000006 00000009 0000000C 0000000F 00000012 00000015 [00;30m
[00;30mACTUAL:     0: 00030004 00000002 00000003 00000004 00000005 00000006 00000007 00000008 [00;30m
[34mBEFORE:     8: 00000018 0000001B 0000001E 00000021 00000024 00030004 00000001 00000001 [00;30m
[00;30mACTUAL:     8: 00000009 0000000A 0000000B 0000000C 0000000D 00030004 00000001 00000001 [00;30m


Executing command: RSETX 13, 0, 3;
Results:  R13=0x3;
Return status: DONE 
Checking memory for differences...none

Executing command: KMUL  4, 13, 4;
Results: 
Return status: DONE 
Checking memory for differences...
imem differences:
[34mBEFORE:    24: 00000001 00000001 00030004 00000001 00000002 00000003 00000004 00000005 [00;30m
[00;30mACTUAL:    24: 00000001 00000001 00030004 00000003 00000006 00000009 0000000C 0000000F [00;30m
[34mBEFORE:    32: 00000006 00000007 00000008 00000009 0000000A 0000000B 0000000C 00030004 [00;30m
[00;30mACTUAL:    32: 00000012 00000015 00000018 0000001B 0000001E 00000021 00000024 00030004 [00;30m


Executing command: MSUB  0, 0, 4;
Results: 
Return status: DONE 
Checking memory for differences...
imem differences:
[34mBEFORE:     0: 00030004 00000002 00000003 00000004 00000005 00000006 00000007 00000008 [00;30m
[00;30mACTUAL:     0: 00030004 FFFFFFFF FFFFFFFD FFFFFFFB FFFFFFF9 FFFFFFF7 FFFFFFF5 FFFFFFF3 [00;30m
[34mBEFORE:     8: 00000009 0000000A 0000000B 0000000C 0000000D 00030004 00000001 00000001 [00;30m
[00;30mACTUAL:     8: FFFFFFF1 FFFFFFEF FFFFFFED FFFFFFEB FFFFFFE9 00030004 00000001 00000001 [00;30m


Executing command: RSUB  0, 0, 4;
Results: 
Return status: DONE 
Checking memory for differences...
imem differences:
[34mBEFORE:     0: 00030004 FFFFFFFF FFFFFFFD FFFFFFFB FFFFFFF9 FFFFFFF7 FFFFFFF5 FFFFFFF3 [00;30m
[00;30mACTUAL:     0: 00030004 00000004 00000009 0000000E 00000013 00000018 0000001D 00000022 [00;30m
[34mBEFORE:     8: FFFFFFF1 FFFFFFEF FFFFFFED FFFFFFEB FFFFFFE9 00030004 00000001 00000001 [00;30m
[00;30mACTUAL:     8: 00000027 0000002C 00000031 00000036 0000003B 00030004 00000001 00000001 [00;30m


Executing command: MZERO 13, 0;
Results:  R13=0x0;
Return status: DONE 
Checking memory for differences...none

Executing command: RSETX 13, 170, 170;
Results:  R13=0xffffaaaa;
Return status: DONE 
Checking memory for differences...none

Executing command: FILL  0, 13;
Results: 
Return status: DONE 
Checking memory for differences...
imem differences:
[34mBEFORE:     0: 00030004 00000004 00000009 0000000E 00000013 00000018 0000001D 00000022 [00;30m
[00;30mACTUAL:     0: 00030004 FFFFAAAA FFFFAAAA FFFFAAAA FFFFAAAA FFFFAAAA FFFFAAAA FFFFAAAA [00;30m
[34mBEFORE:     8: 00000027 0000002C 00000031 00000036 0000003B 00030004 00000001 00000001 [00;30m
[00;30mACTUAL:     8: FFFFAAAA FFFFAAAA FFFFAAAA FFFFAAAA FFFFAAAA 00030004 00000001 00000001 [00;30m


Executing command: MZERO 13, 0;
Results:  R13=0x0;
Return status: DONE 
Checking memory for differences...none

Executing command: RSETX 13, 0, 0;
Results: 
Return status: DONE 
Checking memory for differences...none

Executing command: FILL  0, 13;
Results: 
Return status: DONE 
Checking memory for differences...
imem differences:
[34mBEFORE:     0: 00030004 FFFFAAAA FFFFAAAA FFFFAAAA FFFFAAAA FFFFAAAA FFFFAAAA FFFFAAAA [00;30m
[00;30mACTUAL:     0: 00030004 00000000 00000000 00000000 00000000 00000000 00000000 00000000 [00;30m
[34mBEFORE:     8: FFFFAAAA FFFFAAAA FFFFAAAA FFFFAAAA FFFFAAAA 00030004 00000001 00000001 [00;30m
[00;30mACTUAL:     8: 00000000 00000000 00000000 00000000 00000000 00030004 00000001 00000001 [00;30m


Executing command: MZERO 13, 0;
Results:  R13=0xc;
Return status: DONE 
Checking memory for differences...none

Executing command: MMUL  6, 8, 10; R6=0x30003; R7=0x9d; R8=0x30004; R9=0x35; R10=0x40003; R11=0x42;
Results: 
Return status: DONE 
Checking memory for differences...
imem differences:
[34mBEFORE:   152: FFFFFFEA FFFFFFE9 FFFFFFE8 FFFFFFE7 00030003 FFFFFFFF FFFFFFFE FFFFFFFD [00;30m
[00;30mACTUAL:   152: FFFFFFEA FFFFFFE9 FFFFFFE8 FFFFFFE7 00030003 FFFFFFFF 000000CE 000000CA [00;30m
[34mBEFORE:   160: FFFFFFFC FFFFFFFB FFFFFFFA FFFFFFF9 FFFFFFF8 FFFFFFF7 00040004 0000002A [00;30m
[00;30mACTUAL:   160: FFE7006F 0000019E 000001A2 FFD3011B FFB8014E FFA000FA 00230217 0000002A [00;30m


Executing command: RESET; R6=0x30003; R7=0x9d; R8=0x30004; R9=0x35; R10=0x40003; R11=0x42;
Results:  R0=0x0; R1=0x0; R2=0x0; R3=0x0; R4=0x0; R5=0x0; R6=0x0; R7=0x0; R8=0x0; R9=0x0; R10=0x0; R11=0x0; R12=0x0; R13=0x0; R14=0x0; R15=0x0;
Return status: IDLE 
Checking memory for differences...none

Executing command: HALT ; R6=0x30003; R7=0x9d; R8=0x30004; R9=0x35; R10=0x40003; R11=0x42;
Results: 
Return status: HALTED 
Checking memory for differences...none

Test PASSED.
@I [SIM-333] Generating C post check test bench ...
@I [SIM-12] Generating RTL test bench ...
   Build using "/hd2/eda/xilinx/Vivado_HLS/2013.2/Linux_x86_64/tools/gcc/bin/g++"
   Compiling AESL_automem_mem.cpp
   Compiling AESL_automem_reg_r.cpp
   Compiling dev_hls.autotb.cpp
   Compiling dev_hls.cpp
   Generating cosim.sc.exe
@I [SIM-11] Starting SystemC simulation ...

             SystemC 2.2.0 --- Jun 13 2013 15:35:04
        Copyright (c) 1996-2006 by all Contributors
                    ALL RIGHTS RESERVED
Note: VCD trace timescale unit is set by user to 1.000000e-12 sec.
SystemC: simulation stopped by user.
@I [SIM-316] Starting C post checking ...
===========================
 m0/    0,    1,    2,    3
---------------------------
  0:    3,    6,    9,   12
  1:   15,   18,   21,   24
  2:   27,   30,   33,   36

===========================
 m1/    0,    1,    2,    3
---------------------------
  0:    1,    1,    1,    1
  1:    1,    1,    1,    1
  2:    1,    1,    1,    1

===========================
 m2/    0,    1,    2,    3
---------------------------
  0:    1,    2,    3,    4
  1:    5,    6,    7,    8
  2:    9,   10,   11,   12

===========================
 m3/    0,    1,    2,    3
---------------------------
  0:    1,    1,    1,    1
  1:    1,    1,    1,    1
  2:    1,    1,    1,    1

===========================
 m4/    0,    1,    2,    3
---------------------------
  0:   -1,   -2,   -3,   -4
  1:   -5,   -6,   -7,   -8
  2:   -9,  -10,  -11,  -12

=====================
 m5/    0,    1,    2
---------------------
  0:   -2,   -8,  -14
  1:  -20,   -4,  -10
  2:  -16,  -22,   -6
  3:  -12,  -18,  -24

=================================
 m6/    0,    1,    2,    3,    4
---------------------------------
  0:  335,  386,  492,  649,  421
  1:  362,   27,  690,   59,  763
  2:  926,  540,  426,  172,  736
  3:  211,  368,  567,  429,  782
  4:  530,  862,  123,   67,  135

=================================
 m7/    0,    1,    2,    3,    4
---------------------------------
  0:    0,    0,    0,    0,    0
  1:    0,    0,    0,    0,    0
  2:    0,    0,    0,    0,    0
  3:    0,    0,    0,    0,    0
  4:    0,    0,    0,    0,    0

=================================
 m8/    0,    1,    2,    3,    4
---------------------------------
  0:   -1,   -2,   -3,   -4,   -5
  1:   -6,   -7,   -8,   -9,  -10
  2:  -11,  -12,  -13,  -14,  -15
  3:  -16,  -17,  -18,  -19,  -20
  4:  -21,  -22,  -23,  -24,  -25

=====================
 m9/    0,    1,    2
---------------------
  0:   -1,   -2,   -3
  1:   -4,   -5,   -6
  2:   -7,   -8,   -9

===========================
m10/    0,    1,    2,    3
---------------------------
  0:   42,   42,   42,   42
  1:   42,   42,   42,   42
  2:   42,   42,   42,   42
  3:   42,   42,   42,   42

=========
m11/    0
---------
  0: 17200544
  1:    0
  2: 17200592
  3:    0

===========================
m12/    0,    1,    2,    3
---------------------------
  0:   -1,   -2,   -3,   -4

=========
m13/    0
---------
  0:    3

=====================
m14/    0,    1,    2
---------------------
  0:    1,    1,    1
  1:    1,    1,    1
  2:    1,    1,    1

===============
m15/    0,    1
---------------
  0:    1,    1
  1:    1,    1

Matrix memory address mappings:
  mtx00 -> 0x0000 (0)
  mtx01 -> 0x000d (13)
  mtx02 -> 0x001a (26)
  mtx03 -> 0x0027 (39)
  mtx04 -> 0x0034 (52)
  mtx05 -> 0x0041 (65)
  mtx06 -> 0x004e (78)
  mtx07 -> 0x0068 (104)
  mtx08 -> 0x0082 (130)
  mtx09 -> 0x009c (156)
  mtx10 -> 0x00a6 (166)
  mtx11 -> 0x00b7 (183)
  mtx12 -> 0x00bc (188)
  mtx13 -> 0x00c1 (193)
  mtx14 -> 0x00c3 (195)
  mtx15 -> 0x00cd (205)

== mtx1 + mtx2 ============
m19/    0,    1,    2,    3
---------------------------
  0:    2,    3,    4,    5
  1:    6,    7,    8,    9
  2:   10,   11,   12,   13

== mtx2 * 3 ===============
m23/    0,    1,    2,    3
---------------------------
  0:    3,    6,    9,   12
  1:   15,   18,   21,   24
  2:   27,   30,   33,   36

== mtx4 ===================
 m4/    0,    1,    2,    3
---------------------------
  0:   42,   29,   73,   21
  1:   19,   84,   37,   98
  2:   24,   15,   70,   13

== mtx5 =============
 m5/    0,    1,    2
---------------------
  0:    1,    2,    3
  1:    4,    5,    6
  2:    7,    8,    9
  3:   10,   11,   12

== mtx4 x mtx5 ======
m36/    0,    1,    2
---------------------
  0:  879, 1044, 1209
  1: 1594, 1832, 2070
  2:  704,  826,  948


Executing command: NOP  ;
Results: 
Return status: IDLE 
Checking memory for differences...
imem differences:
[34mBEFORE:   184: 010675A0 00000000 010675D0 00000000 00010004 FFFFFFFF FFFFFFFE FFFFFFFD [00;30m
[00;30mACTUAL:   184: 1B6865A0 00000000 1B6865D0 00000000 00010004 FFFFFFFF FFFFFFFE FFFFFFFD [00;30m


Executing command: NOP  ; R0=0x30004; R1=0x1; R2=0x30004; R3=0xe; R4=0x30004; R5=0x1b; R6=0x30004; R7=0x28;
Results: 
Return status: IDLE 
Checking memory for differences...none

Executing command: MADD  0, 2, 4;
Results: 
Return status: DONE 
Checking memory for differences...
imem differences:
[34mBEFORE:     0: 00030004 00000003 00000006 00000009 0000000C 0000000F 00000012 00000015 [00;30m
[00;30mACTUAL:     0: 00030004 00000002 00000003 00000004 00000005 00000006 00000007 00000008 [00;30m
[34mBEFORE:     8: 00000018 0000001B 0000001E 00000021 00000024 00030004 00000001 00000001 [00;30m
[00;30mACTUAL:     8: 00000009 0000000A 0000000B 0000000C 0000000D 00030004 00000001 00000001 [00;30m


Executing command: RSETX 13, 0, 3;
Results:  R13=0x3;
Return status: DONE 
Checking memory for differences...none

Executing command: KMUL  4, 13, 4;
Results: 
Return status: DONE 
Checking memory for differences...
imem differences:
[34mBEFORE:    24: 00000001 00000001 00030004 00000001 00000002 00000003 00000004 00000005 [00;30m
[00;30mACTUAL:    24: 00000001 00000001 00030004 00000003 00000006 00000009 0000000C 0000000F [00;30m
[34mBEFORE:    32: 00000006 00000007 00000008 00000009 0000000A 0000000B 0000000C 00030004 [00;30m
[00;30mACTUAL:    32: 00000012 00000015 00000018 0000001B 0000001E 00000021 00000024 00030004 [00;30m


Executing command: MSUB  0, 0, 4;
Results: 
Return status: DONE 
Checking memory for differences...
imem differences:
[34mBEFORE:     0: 00030004 00000002 00000003 00000004 00000005 00000006 00000007 00000008 [00;30m
[00;30mACTUAL:     0: 00030004 FFFFFFFF FFFFFFFD FFFFFFFB FFFFFFF9 FFFFFFF7 FFFFFFF5 FFFFFFF3 [00;30m
[34mBEFORE:     8: 00000009 0000000A 0000000B 0000000C 0000000D 00030004 00000001 00000001 [00;30m
[00;30mACTUAL:     8: FFFFFFF1 FFFFFFEF FFFFFFED FFFFFFEB FFFFFFE9 00030004 00000001 00000001 [00;30m


Executing command: RSUB  0, 0, 4;
Results: 
Return status: DONE 
Checking memory for differences...
imem differences:
[34mBEFORE:     0: 00030004 FFFFFFFF FFFFFFFD FFFFFFFB FFFFFFF9 FFFFFFF7 FFFFFFF5 FFFFFFF3 [00;30m
[00;30mACTUAL:     0: 00030004 00000004 00000009 0000000E 00000013 00000018 0000001D 00000022 [00;30m
[34mBEFORE:     8: FFFFFFF1 FFFFFFEF FFFFFFED FFFFFFEB FFFFFFE9 00030004 00000001 00000001 [00;30m
[00;30mACTUAL:     8: 00000027 0000002C 00000031 00000036 0000003B 00030004 00000001 00000001 [00;30m


Executing command: MZERO 13, 0;
Results:  R13=0x0;
Return status: DONE 
Checking memory for differences...none

Executing command: RSETX 13, 170, 170;
Results:  R13=0xffffaaaa;
Return status: DONE 
Checking memory for differences...none

Executing command: FILL  0, 13;
Results: 
Return status: DONE 
Checking memory for differences...
imem differences:
[34mBEFORE:     0: 00030004 00000004 00000009 0000000E 00000013 00000018 0000001D 00000022 [00;30m
[00;30mACTUAL:     0: 00030004 FFFFAAAA FFFFAAAA FFFFAAAA FFFFAAAA FFFFAAAA FFFFAAAA FFFFAAAA [00;30m
[34mBEFORE:     8: 00000027 0000002C 00000031 00000036 0000003B 00030004 00000001 00000001 [00;30m
[00;30mACTUAL:     8: FFFFAAAA FFFFAAAA FFFFAAAA FFFFAAAA FFFFAAAA 00030004 00000001 00000001 [00;30m


Executing command: MZERO 13, 0;
Results:  R13=0x0;
Return status: DONE 
Checking memory for differences...none

Executing command: RSETX 13, 0, 0;
Results: 
Return status: DONE 
Checking memory for differences...none

Executing command: FILL  0, 13;
Results: 
Return status: DONE 
Checking memory for differences...
imem differences:
[34mBEFORE:     0: 00030004 FFFFAAAA FFFFAAAA FFFFAAAA FFFFAAAA FFFFAAAA FFFFAAAA FFFFAAAA [00;30m
[00;30mACTUAL:     0: 00030004 00000000 00000000 00000000 00000000 00000000 00000000 00000000 [00;30m
[34mBEFORE:     8: FFFFAAAA FFFFAAAA FFFFAAAA FFFFAAAA FFFFAAAA 00030004 00000001 00000001 [00;30m
[00;30mACTUAL:     8: 00000000 00000000 00000000 00000000 00000000 00030004 00000001 00000001 [00;30m


Executing command: MZERO 13, 0;
Results:  R13=0xc;
Return status: DONE 
Checking memory for differences...none

Executing command: MMUL  6, 8, 10; R6=0x30003; R7=0x9d; R8=0x30004; R9=0x35; R10=0x40003; R11=0x42;
Results: 
Return status: DONE 
Checking memory for differences...
imem differences:
[34mBEFORE:   152: FFFFFFEA FFFFFFE9 FFFFFFE8 FFFFFFE7 00030003 FFFFFFFF FFFFFFFE FFFFFFFD [00;30m
[00;30mACTUAL:   152: FFFFFFEA FFFFFFE9 FFFFFFE8 FFFFFFE7 00030003 FFFFFFFF 000000CE 000000CA [00;30m
[34mBEFORE:   160: FFFFFFFC FFFFFFFB FFFFFFFA FFFFFFF9 FFFFFFF8 FFFFFFF7 00040004 0000002A [00;30m
[00;30mACTUAL:   160: FFE7006F 0000019E 000001A2 FFD3011B FFB8014E FFA000FA 00230217 0000002A [00;30m


Executing command: RESET; R6=0x30003; R7=0x9d; R8=0x30004; R9=0x35; R10=0x40003; R11=0x42;
Results:  R0=0x0; R1=0x0; R2=0x0; R3=0x0; R4=0x0; R5=0x0; R6=0x0; R7=0x0; R8=0x0; R9=0x0; R10=0x0; R11=0x0; R12=0x0; R13=0x0; R14=0x0; R15=0x0;
Return status: IDLE 
Checking memory for differences...none

Executing command: HALT ; R6=0x30003; R7=0x9d; R8=0x30004; R9=0x35; R10=0x40003; R11=0x42;
Results: 
Return status: HALTED 
Checking memory for differences...none

Test PASSED.
@I [SIM-1000] *** C/RTL co-simulation finished: PASS ***
////////////////////////////////////////////////////////////////////////////////////
//
//  ##### #     # #####   ####  #####  #######                                     
//  #      #   #  #    # #    # #    #    #                                        
//  #       # #   #    # #    # #    #    #                                        
//  #####    #    #####  #    # #####     #                                        
//  #       # #   #      #    # #  #      #                                        
//  #      #   #  #      #    # #   #     #                                        
//  ##### #     # #       ####  #    #    #                                        
//
////////////////////////////////////////////////////////////////////////////////////
@I [IMPL-8] Exporting RTL as an IP in IP-XACT.

****** Vivado v2013.2 (64-bit)
  **** Build 272601 by xbuild on Sat Jun 15 11:11:11 MDT 2013
    ** Copyright 1986-1999, 2001-2013 Xilinx, Inc. All Rights Reserved.

INFO: [Common 17-78] Attempting to get a license: Implementation
INFO: [Common 17-81] Feature available: Implementation
INFO: [Common 17-78] Attempting to get a license: Synthesis
INFO: [Common 17-81] Feature available: Synthesis
INFO: [Device 21-36] Loading parts and site information from /hd2/eda/xilinx/Vivado/2013.2/data/parts/arch.xml
Parsing RTL primitives file [/hd2/eda/xilinx/Vivado/2013.2/data/parts/xilinx/rtl/prims/rtl_prims.xml]
Finished parsing RTL primitives file [/hd2/eda/xilinx/Vivado/2013.2/data/parts/xilinx/rtl/prims/rtl_prims.xml]
INFO: [Common 17-362] Using Tcl App repository from '/hd2/eda/xilinx/Vivado/2013.2/data/XilinxTclStore'.
INFO: [Common 17-364] Updating Tcl app persistent manifest '/hd2/home/dcblack/.Xilinx/Vivado/tclapp/manifest.tcl'
source run_ippack.tcl -notrace
INFO: [Common 17-206] Exiting Vivado at Tue Dec  3 03:31:52 2013...
////////////////////////////////////////////////////////////////////////////////////
//
//  #     # ##### #####   ####  ###  ####  #     #        #        ######           
//  #     # #     #    # #    #  #  #    # ##    #       ##        #                
//  #     # #     #    # #       #  #    # # #   #      # #        #                
//  #     # ##### #####   ####   #  #    # #  #  #        #        #####            
//   #   #  #     #  #        #  #  #    # #   # #        #             #           
//    # #   #     #   #  #    #  #  #    # #    ##        #    ##  #    #           
//     #    ##### #    #  ####  ###  ####  #     #      #####  ##   ####            
//
////////////////////////////////////////////////////////////////////////////////////
////////////////////////////////////////////////////////////////////////////////////
//
//  ##### ### #     # ###  ####  #    # ##### ####                                 
//  #      #  ##    #  #  #    # #    # #     #   #                                
//  #      #  # #   #  #  #      #    # #     #    #                               
//  #####  #  #  #  #  #   ####  ###### ##### #    #                               
//  #      #  #   # #  #       # #    # #     #    #                               
//  #      #  #    ##  #  #    # #    # #     #   #                                
//  #     ### #     # ###  ####  #    # ##### ####                                 
//
////////////////////////////////////////////////////////////////////////////////////
@I [HLS-112] Total elapsed time: 121.346 seconds; peak memory usage: 86.5 MB.
@I [LIC-101] Checked in feature [HLS]
